<?xml version="1.0" encoding="UTF-8"?>
<testsuite name="br.com.dio.desafioreactor.Question3Test" tests="2" skipped="0" failures="0" errors="0" timestamp="2024-04-30T02:41:17" hostname="fedora" time="0.213">
  <properties/>
  <testcase name="validUser()" classname="br.com.dio.desafioreactor.Question3Test" time="0.174"/>
  <testcase name="invalidUser()" classname="br.com.dio.desafioreactor.Question3Test" time="0.036"/>
  <system-out><![CDATA[]]></system-out>
  <system-err><![CDATA[]]></system-err>
</testsuite>
